2023-09-20T21:45:17.293Z [info] robotics
2023-09-20T22:36:37.103Z [info] new%20search
2023-09-25T22:29:18.397Z [info] car
2023-10-06T20:55:00.436Z [info] probe
2023-10-06T21:00:09.932Z [info] uo
2023-10-06T21:03:10.856Z [info] e
2023-10-06T21:07:12.576Z [info] cors
2023-10-06T21:10:49.612Z [info] cls
2023-10-06T21:12:26.350Z [info] google
2023-10-06T21:15:20.199Z [info] car
2023-10-06T21:16:59.210Z [info] home
2023-10-06T21:18:52.678Z [info] home
2023-10-06T21:23:38.021Z [info] home
2023-10-06T21:25:59.057Z [info] home
2023-10-06T21:32:34.688Z [info] google
2023-10-06T21:32:40.558Z [info] car
2023-10-16T06:47:10.039Z [info] nd
2023-10-18T06:31:44.978Z [info] car
2023-10-18T06:38:41.721Z [info] car
2023-10-18T06:41:34.062Z [info] cars
2023-10-18T06:53:57.858Z [info] palestine
2023-10-18T06:54:07.882Z [info] cars
2023-10-18T06:58:54.148Z [info] cars
2023-10-18T07:46:32.583Z [info] cars
2023-10-23T18:58:05.272Z [info] cars
2023-10-23T18:59:47.076Z [info] salad
2023-10-23T19:01:58.523Z [info] car
2023-10-23T19:02:11.330Z [info] salad
2023-10-23T19:02:38.287Z [info] salad
2023-10-23T19:02:58.416Z [info] cars
2023-10-23T19:10:39.516Z [info] cars
2023-10-23T19:11:01.429Z [info] cars
2023-10-24T20:06:28.148Z [info] cars
2023-10-24T20:08:30.301Z [info] disney land
2023-10-25T10:28:29.331Z [info] palestine
2023-10-25T10:35:35.018Z [info] hussain
2023-10-25T10:58:25.220Z [info] probe
2023-10-25T10:59:15.969Z [info] probe
2023-10-25T11:03:39.734Z [info] probe
2023-10-25T11:05:08.046Z [info] new
2023-10-25T11:06:26.494Z [info] another
2023-10-25T11:06:54.047Z [info] we
2023-10-27T18:33:10.797Z [info] cars
2023-10-27T18:33:39.608Z [info] cars
2023-10-27T18:33:45.457Z [info] probe
2023-10-27T18:59:58.624Z [info] cars
2023-10-27T19:00:02.744Z [info] probe
2023-10-27T19:00:18.296Z [info] pak vs SA
2023-10-27T19:03:48.935Z [info] yoyo
2023-10-28T17:57:35.811Z [info] cars
2023-10-28T18:05:17.874Z [info] cars
2023-10-28T18:21:24.755Z [info] cars
2023-10-28T18:53:19.644Z [info] cars
2023-10-28T19:09:52.129Z [info] cars
2023-10-28T19:12:47.630Z [info] cars
2023-10-28T19:13:13.365Z [info] cars
2023-10-28T19:13:36.530Z [info] cars
2023-10-28T19:14:04.090Z [info] c
2023-10-28T19:14:50.706Z [info] z
2023-10-28T19:15:11.635Z [info] z
2023-10-28T19:15:36.016Z [info] z
2023-10-28T19:16:35.597Z [info] z
2023-10-28T19:19:12.377Z [info] z
2023-10-28T19:22:56.282Z [info] z
2023-10-28T19:49:47.338Z [info] facebook
2023-10-28T19:51:18.415Z [info] cars
2023-11-01T18:40:06.121Z [info] janam fidaye haideri
2023-11-01T18:47:12.420Z [info] janam fidaye haideri
2023-11-01T18:49:05.619Z [info] janam fidaye haider
2023-11-01T18:51:03.162Z [info] cars
2023-11-01T18:52:22.412Z [info] cars
2023-11-01T18:53:36.293Z [info] cars
2023-11-01T18:55:49.800Z [info] cars
2023-11-01T19:03:32.494Z [info] cars
2023-11-01T19:06:00.215Z [info] cars
2023-11-01T19:13:55.327Z [info] cars
2023-11-01T19:16:26.913Z [info] cars
2023-11-01T19:25:01.795Z [info] cars
2023-11-01T19:54:37.458Z [info] football
2023-11-01T19:55:58.481Z [info] north korea
2023-11-01T20:10:38.980Z [info] Mr.Ballon
2023-11-01T20:11:06.073Z [info] Owais Amin
2023-11-01T20:11:43.274Z [info] random search
2023-11-01T20:12:01.173Z [info] chat gpt
2023-11-01T20:12:11.059Z [info] facebook
2023-11-01T20:12:51.262Z [info] cars
2023-11-01T20:13:07.474Z [info] joe
2023-11-01T20:13:20.564Z [info] owais amin
2023-11-01T20:15:50.138Z [info] ned
2023-11-01T20:17:11.324Z [info] cars
2023-11-01T20:19:06.082Z [info] cars
2023-11-01T20:19:27.152Z [info] facebook
2023-11-01T20:19:42.318Z [info] google search
2023-11-02T13:07:13.600Z [info] tabiyat
2023-11-02T13:07:52.570Z [info] mr beast
2023-11-02T19:00:45.463Z [info] cars
2023-11-02T19:13:20.326Z [info] cars
